\BOOKMARK [1][-]{section.1}{Introduction}{}% 1
\BOOKMARK [2][-]{subsection.1.1}{Related work and our contributions}{section.1}% 2
\BOOKMARK [1][-]{section.2}{Background and problem set-up}{}% 3
\BOOKMARK [2][-]{subsection.2.1}{Standard HMM notation and assumptions}{section.2}% 4
\BOOKMARK [2][-]{subsection.2.2}{Baum-Welch updates for HMMs}{section.2}% 5
\BOOKMARK [1][-]{section.3}{Main results}{}% 6
\BOOKMARK [2][-]{subsection.3.1}{Existence of population Lg-function}{section.3}% 7
\BOOKMARK [2][-]{subsection.3.2}{Analysis of updates based on Lg}{section.3}% 8
\BOOKMARK [2][-]{subsection.3.3}{Sample-based results}{section.3}% 9
\BOOKMARK [1][-]{section.4}{Concrete results for the Gaussian output HMM}{}% 10
\BOOKMARK [2][-]{subsection.4.1}{Explicit form of Baum-Welch updates}{section.4}% 11
\BOOKMARK [2][-]{subsection.4.2}{Population and sample guarantees}{section.4}% 12
\BOOKMARK [2][-]{subsection.4.3}{Simulations}{section.4}% 13
\BOOKMARK [1][-]{section.5}{Proofs}{}% 14
\BOOKMARK [2][-]{subsection.5.1}{Proof of Theorem 1}{section.5}% 15
\BOOKMARK [2][-]{subsection.5.2}{Proof of Theorem 2}{section.5}% 16
\BOOKMARK [2][-]{subsection.5.3}{Proof of Corollary 1}{section.5}% 17
\BOOKMARK [3][-]{subsubsection.5.3.1}{Establishing strong concavity}{subsection.5.3}% 18
\BOOKMARK [3][-]{subsubsection.5.3.2}{Separate FOS conditions}{subsection.5.3}% 19
\BOOKMARK [3][-]{subsubsection.5.3.3}{Proof of inequality \(22a\)}{subsection.5.3}% 20
\BOOKMARK [3][-]{subsubsection.5.3.4}{Proof of inequality \(22b\)}{subsection.5.3}% 21
\BOOKMARK [3][-]{subsubsection.5.3.5}{Proof of inequality \(23a\)}{subsection.5.3}% 22
\BOOKMARK [3][-]{subsubsection.5.3.6}{Proof of inequality \(23b\)}{subsection.5.3}% 23
\BOOKMARK [2][-]{subsection.5.4}{Proof of Corollary 2}{section.5}% 24
\BOOKMARK [1][-]{section.6}{Discussion}{}% 25
\BOOKMARK [1][-]{appendix.A}{Proof of Proposition 1}{}% 26
\BOOKMARK [1][-]{appendix.B}{Technical details for Corollary 1}{}% 27
\BOOKMARK [2][-]{subsection.B.1}{Bounds on conditional variances}{appendix.B}% 28
\BOOKMARK [2][-]{subsection.B.2}{Proof of Lemma 5}{appendix.B}% 29
\BOOKMARK [1][-]{appendix.C}{Technical details for Corollary 2}{}% 30
\BOOKMARK [2][-]{subsection.C.1}{Proof of Lemma 1}{appendix.C}% 31
\BOOKMARK [2][-]{subsection.C.2}{Proof of Lemma 2}{appendix.C}% 32
\BOOKMARK [2][-]{subsection.C.3}{Proofs of technical lemmas}{appendix.C}% 33
\BOOKMARK [3][-]{subsubsection.C.3.1}{Proof of Lemma 8}{subsection.C.3}% 34
\BOOKMARK [3][-]{subsubsection.C.3.2}{Proof of Lemma 9}{subsection.C.3}% 35
\BOOKMARK [3][-]{subsubsection.C.3.3}{Proof of Lemma 10}{subsection.C.3}% 36
\BOOKMARK [1][-]{appendix.D}{Mixing related results}{}% 37
\BOOKMARK [2][-]{subsection.D.1}{Consequences of mixing}{appendix.D}% 38
\BOOKMARK [2][-]{subsection.D.2}{Proof of Lemma 3}{appendix.D}% 39
\BOOKMARK [2][-]{subsection.D.3}{Proof of Lemma 6}{appendix.D}% 40
